Sweep started: 01-Apr-2026 13:22:45
Axes: gamma=[0.05         0.2         0.5]  frequency=[10   20   30   40   50   60   70   80   90  100] Hz
Fixed params:
            diskRadius: 0.2000
              diskMass: 0.0283
        forceAmplitude: 0
        forceFrequency: 90
       phaseDifference: -90
           bathDensity: 1.1750
    bathSurfaceTension: 66.5000
         bathViscosity: 0.1532
          bathDiameter: 100
     spatialResolution: 50
    temporalResolution: 60
        simulationTime: 0.3333
            debug_flag: 0
            solverType: "auto"

Total cases: 30

[1/30]  gamma_forcing=0.050  f=10 Hz  -> F=1.3881 dyn, A_f=1.2425e-02 cm
Starting simulation on /Users/harrislab/Documents/GitHub/km-disk-vibrating/matlab/1_code/simulation_code
Firing 60 async LU futures (~36.0 GB)...
Starting parallel pool (parpool) using the 'Processes' profile ...
Connected to parallel pool with 6 workers.
Finished simulation on /simulation_code. Time elapsed: 3.66 minutes
  Done in 225.4 s  |CoM|_max=3.612e-02 cm  |CoM|_rms=2.935e-02 cm
  ERROR after 225.4 s: Unrecognized function or variable 'A_i'.
{Unrecognized function or variable 'A_i'.

Error in sweeper (line 129)
        summaryRows{ii} = {gamma_i, freq_i, A_i, NaN, NaN, elapsed, 'error'};
                                            ^^^
} 
Parallel pool using the 'Processes' profile is shutting down.
